<?xml version="1.0" encoding="UTF-8"?>
<testsuite name="com.trimblecars.services.AdminServiceTest" tests="6" skipped="0" failures="0" errors="0" timestamp="2025-03-25T17:42:01.114Z" hostname="DESKTOP-UDGC57U" time="0.022">
  <properties/>
  <testcase name="testEndLease_Success()" classname="com.trimblecars.services.AdminServiceTest" time="0.003"/>
  <testcase name="testGetAvailableCars()" classname="com.trimblecars.services.AdminServiceTest" time="0.003"/>
  <testcase name="testGetAllCustomers()" classname="com.trimblecars.services.AdminServiceTest" time="0.004"/>
  <testcase name="testEnrollCar_Success()" classname="com.trimblecars.services.AdminServiceTest" time="0.003"/>
  <testcase name="testGetAllOwners()" classname="com.trimblecars.services.AdminServiceTest" time="0.002"/>
  <testcase name="testLeaseCar_Success()" classname="com.trimblecars.services.AdminServiceTest" time="0.003"/>
  <system-out><![CDATA[]]></system-out>
  <system-err><![CDATA[]]></system-err>
</testsuite>
