<?xml version="1.0" encoding="UTF-8"?>
<testsuite name="com.trimblecars.services.AuthServiceTest" tests="6" skipped="0" failures="0" errors="0" timestamp="2025-03-25T17:42:08.473Z" hostname="DESKTOP-UDGC57U" time="0.037">
  <properties/>
  <testcase name="testRegisterCustomer_Success()" classname="com.trimblecars.services.AuthServiceTest" time="0.007"/>
  <testcase name="testRegisterCustomer_Failure_AlreadyExists()" classname="com.trimblecars.services.AuthServiceTest" time="0.003"/>
  <testcase name="testRegisterOwner_Success()" classname="com.trimblecars.services.AuthServiceTest" time="0.008"/>
  <testcase name="testRegisterAdmin_Success()" classname="com.trimblecars.services.AuthServiceTest" time="0.006"/>
  <testcase name="testRegisterAdmin_Failure_AlreadyExists()" classname="com.trimblecars.services.AuthServiceTest" time="0.004"/>
  <testcase name="testRegisterOwner_Failure_AlreadyExists()" classname="com.trimblecars.services.AuthServiceTest" time="0.004"/>
  <system-out><![CDATA[]]></system-out>
  <system-err><![CDATA[]]></system-err>
</testsuite>
