<?xml version="1.0" encoding="UTF-8"?>
<testsuite name="com.trimblecars.TrimblecarsApplicationTests" tests="1" skipped="0" failures="0" errors="0" timestamp="2025-03-25T17:42:08.157Z" hostname="DESKTOP-UDGC57U" time="0.024">
  <properties/>
  <testcase name="contextLoads()" classname="com.trimblecars.TrimblecarsApplicationTests" time="0.024"/>
  <system-out><![CDATA[23:12:01.210 [Test worker] INFO org.springframework.test.context.support.AnnotationConfigContextLoaderUtils -- Could not detect default configuration classes for test class [com.trimblecars.TrimblecarsApplicationTests]: TrimblecarsApplicationTests does not declare any static, non-private, non-final, nested classes annotated with @Configuration.
23:12:01.348 [Test worker] INFO org.springframework.boot.test.context.SpringBootTestContextBootstrapper -- Found @SpringBootConfiguration com.trimblecars.TrimblecarsApplication for test class com.trimblecars.TrimblecarsApplicationTests

  .   ____          _            __ _ _
 /\\ / ___'_ __ _ _(_)_ __  __ _ \ \ \ \
( ( )\___ | '_ | '_| | '_ \/ _` | \ \ \ \
 \\/  ___)| |_)| | | | | || (_| |  ) ) ) )
  '  |____| .__|_| |_|_| |_\__, | / / / /
 =========|_|==============|___/=/_/_/_/

 :: Spring Boot ::                (v3.4.4)

2025-03-25T23:12:01.797+05:30  INFO 3312 --- [trimblecars] [    Test worker] c.t.TrimblecarsApplicationTests          : Starting TrimblecarsApplicationTests using Java 21.0.5 with PID 3312 (started by VICKYRAJU in C:\Users\VICKYRAJU\Documents\workspace-sts\trimblecars)
2025-03-25T23:12:01.799+05:30  INFO 3312 --- [trimblecars] [    Test worker] c.t.TrimblecarsApplicationTests          : No active profile set, falling back to 1 default profile: "default"
2025-03-25T23:12:02.962+05:30  INFO 3312 --- [trimblecars] [    Test worker] .s.d.r.c.RepositoryConfigurationDelegate : Bootstrapping Spring Data JPA repositories in DEFAULT mode.
2025-03-25T23:12:03.140+05:30  INFO 3312 --- [trimblecars] [    Test worker] .s.d.r.c.RepositoryConfigurationDelegate : Finished Spring Data repository scanning in 147 ms. Found 5 JPA repository interfaces.
2025-03-25T23:12:03.994+05:30  INFO 3312 --- [trimblecars] [    Test worker] o.hibernate.jpa.internal.util.LogHelper  : HHH000204: Processing PersistenceUnitInfo [name: default]
2025-03-25T23:12:04.090+05:30  INFO 3312 --- [trimblecars] [    Test worker] org.hibernate.Version                    : HHH000412: Hibernate ORM core version 6.6.11.Final
2025-03-25T23:12:04.133+05:30  INFO 3312 --- [trimblecars] [    Test worker] o.h.c.internal.RegionFactoryInitiator    : HHH000026: Second-level cache disabled
2025-03-25T23:12:04.342+05:30  INFO 3312 --- [trimblecars] [    Test worker] o.s.o.j.p.SpringPersistenceUnitInfo      : No LoadTimeWeaver setup: ignoring JPA class transformer
2025-03-25T23:12:04.383+05:30  INFO 3312 --- [trimblecars] [    Test worker] com.zaxxer.hikari.HikariDataSource       : HikariPool-1 - Starting...
2025-03-25T23:12:04.615+05:30  INFO 3312 --- [trimblecars] [    Test worker] com.zaxxer.hikari.pool.HikariPool        : HikariPool-1 - Added connection conn0: url=jdbc:h2:mem:trimblecarsdb user=SA
2025-03-25T23:12:04.617+05:30  INFO 3312 --- [trimblecars] [    Test worker] com.zaxxer.hikari.HikariDataSource       : HikariPool-1 - Start completed.
2025-03-25T23:12:04.656+05:30  WARN 3312 --- [trimblecars] [    Test worker] org.hibernate.orm.deprecation            : HHH90000025: H2Dialect does not need to be specified explicitly using 'hibernate.dialect' (remove the property setting and it will be selected by default)
2025-03-25T23:12:04.675+05:30  INFO 3312 --- [trimblecars] [    Test worker] org.hibernate.orm.connections.pooling    : HHH10001005: Database info:
	Database JDBC URL [Connecting through datasource 'HikariDataSource (HikariPool-1)']
	Database driver: undefined/unknown
	Database version: 2.3.232
	Autocommit mode: undefined/unknown
	Isolation level: undefined/unknown
	Minimum pool size: undefined/unknown
	Maximum pool size: undefined/unknown
2025-03-25T23:12:05.790+05:30  INFO 3312 --- [trimblecars] [    Test worker] o.h.e.t.j.p.i.JtaPlatformInitiator       : HHH000489: No JTA platform available (set 'hibernate.transaction.jta.platform' to enable JTA platform integration)
2025-03-25T23:12:05.875+05:30  INFO 3312 --- [trimblecars] [    Test worker] j.LocalContainerEntityManagerFactoryBean : Initialized JPA EntityManagerFactory for persistence unit 'default'
2025-03-25T23:12:06.623+05:30  WARN 3312 --- [trimblecars] [    Test worker] JpaBaseConfiguration$JpaWebConfiguration : spring.jpa.open-in-view is enabled by default. Therefore, database queries may be performed during view rendering. Explicitly configure spring.jpa.open-in-view to disable this warning
2025-03-25T23:12:06.652+05:30  WARN 3312 --- [trimblecars] [    Test worker] .s.s.UserDetailsServiceAutoConfiguration : 

Using generated security password: 0e40aea6-91a4-45ba-929d-e9756d206abb

This generated password is for development use only. Your security configuration must be updated before running your application in production.

2025-03-25T23:12:06.671+05:30  INFO 3312 --- [trimblecars] [    Test worker] r$InitializeUserDetailsManagerConfigurer : Global AuthenticationManager configured with UserDetailsService bean with name inMemoryUserDetailsManager
2025-03-25T23:12:07.959+05:30  INFO 3312 --- [trimblecars] [    Test worker] o.s.b.a.h2.H2ConsoleAutoConfiguration    : H2 console available at '/h2-console'. Database available at 'jdbc:h2:mem:trimblecarsdb'
2025-03-25T23:12:08.145+05:30  INFO 3312 --- [trimblecars] [    Test worker] c.t.TrimblecarsApplicationTests          : Started TrimblecarsApplicationTests in 6.67 seconds (process running for 13.699)
]]></system-out>
  <system-err><![CDATA[]]></system-err>
</testsuite>
