<?xml version="1.0" encoding="UTF-8"?>
<testsuite name="com.trimblecars.services.LeaseReportServiceTest" tests="1" skipped="0" failures="0" errors="0" timestamp="2025-03-25T17:42:08.556Z" hostname="DESKTOP-UDGC57U" time="0.334">
  <properties/>
  <testcase name="testGenerateLeaseHistoryReport()" classname="com.trimblecars.services.LeaseReportServiceTest" time="0.334"/>
  <system-out><![CDATA[]]></system-out>
  <system-err><![CDATA[]]></system-err>
</testsuite>
